\BOOKMARK [1][-]{section.1}{\376\377\000I\000n\000t\000r\000o\000d\000u\000c\000t\000i\000o\000n}{}% 1
\BOOKMARK [2][-]{subsection.1.1}{\376\377\000W\000h\000a\000t\000\040\000i\000s\000\040\000F\000C\000L\000I\000B\000\040\000?}{section.1}% 2
\BOOKMARK [2][-]{subsection.1.2}{\376\377\000G\000o\000a\000l\000s\000\040\000o\000f\000\040\000t\000h\000e\000\040\000p\000r\000o\000j\000e\000c\000t}{section.1}% 3
\BOOKMARK [2][-]{subsection.1.3}{\376\377\000H\000o\000w\000\040\000t\000o\000\040\000d\000o\000w\000n\000l\000o\000a\000d\000\040\000?}{section.1}% 4
\BOOKMARK [2][-]{subsection.1.4}{\376\377\000W\000h\000a\000t\000\040\000i\000s\000\040\000a\000\040\000F\000r\000i\000c\000t\000i\000o\000n\000a\000l\000\040\000c\000o\000n\000t\000a\000c\000t\000\040\000p\000r\000o\000b\000l\000e\000m\000\040\000?}{section.1}% 5
\BOOKMARK [3][-]{subsubsection.1.4.1}{\376\377\000T\000h\000e\000\040\000l\000o\000c\000a\000l\000\040\000F\000r\000i\000c\000t\000i\000o\000n\000a\000l\000\040\000C\000o\000n\000t\000a\000c\000t\000\040\000p\000r\000o\000b\000l\000e\000m\000\040\000w\000i\000t\000h\000\040\000e\000q\000u\000a\000l\000i\000t\000y\000\040\000c\000o\000n\000s\000t\000r\000a\000i\000n\000t\000s}{subsection.1.4}% 6
\BOOKMARK [3][-]{subsubsection.1.4.2}{\376\377\000T\000h\000e\000\040\000G\000l\000o\000b\000a\000l\000\040\000F\000r\000i\000c\000t\000i\000o\000n\000a\000l\000\040\000C\000o\000n\000t\000a\000c\000t\000\040\000p\000r\000o\000b\000l\000e\000m\000\040\000w\000i\000t\000h\000\040\000e\000q\000u\000a\000l\000i\000t\000y\000\040\000c\000o\000n\000s\000t\000r\000a\000i\000n\000t\000s}{subsection.1.4}% 7
\BOOKMARK [3][-]{subsubsection.1.4.3}{\376\377\000P\000r\000o\000b\000l\000e\000m\000s\000\040\000w\000i\000t\000h\000o\000u\000t\000\040\000e\000q\000u\000a\000l\000i\000t\000y\000\040\000c\000o\000n\000s\000t\000r\000a\000i\000n\000t\000s}{subsection.1.4}% 8
\BOOKMARK [3][-]{subsubsection.1.4.4}{\376\377\000f\000u\000n\000c\000t\000i\000o\000n\000s\000.}{subsection.1.4}% 9
\BOOKMARK [1][-]{section.2}{\376\377\000D\000o\000w\000n\000l\000o\000a\000d}{}% 10
\BOOKMARK [2][-]{subsection.2.1}{\376\377\000H\000o\000w\000\040\000t\000o\000\040\000d\000o\000w\000n\000l\000o\000a\000d\000\040\000s\000o\000u\000r\000c\000e\000s\000\040\000f\000i\000l\000e\000s\000\040\000o\000f\000\040\000t\000h\000e\000\040\000A\000P\000I\000?}{section.2}% 11
\BOOKMARK [2][-]{subsection.2.2}{\376\377\000H\000o\000w\000\040\000t\000o\000\040\000d\000o\000w\000n\000l\000o\000a\000d\000\040\000t\000h\000e\000\040\000c\000o\000l\000l\000e\000c\000t\000i\000o\000n\000\040\000o\000f\000\040\000p\000r\000o\000b\000l\000e\000m\000s\000\040\000?}{section.2}% 12
\BOOKMARK [2][-]{subsection.2.3}{\376\377\000B\000i\000n\000a\000r\000i\000e\000s}{section.2}% 13
\BOOKMARK [1][-]{section.3}{\376\377\000C\000o\000n\000t\000a\000c\000t\000\040\000u\000s}{}% 14
\BOOKMARK [1][-]{section.4}{\376\377\000R\000e\000l\000a\000t\000e\000d\000\040\000P\000u\000b\000l\000i\000c\000a\000t\000i\000o\000n\000s}{}% 15
\BOOKMARK [1][-]{section.5}{\376\377\000C\000l\000a\000s\000s\000\040\000I\000n\000d\000e\000x}{}% 16
\BOOKMARK [2][-]{subsection.5.1}{\376\377\000C\000l\000a\000s\000s\000\040\000L\000i\000s\000t}{section.5}% 17
\BOOKMARK [1][-]{section.6}{\376\377\000F\000i\000l\000e\000\040\000I\000n\000d\000e\000x}{}% 18
\BOOKMARK [2][-]{subsection.6.1}{\376\377\000F\000i\000l\000e\000\040\000L\000i\000s\000t}{section.6}% 19
\BOOKMARK [1][-]{section.7}{\376\377\000C\000l\000a\000s\000s\000\040\000D\000o\000c\000u\000m\000e\000n\000t\000a\000t\000i\000o\000n}{}% 20
\BOOKMARK [2][-]{subsection.7.1}{\376\377\000c\000s\000\137\000d\000m\000p\000e\000r\000m\000\137\000r\000e\000s\000u\000l\000t\000s\000\040\000S\000t\000r\000u\000c\000t\000\040\000R\000e\000f\000e\000r\000e\000n\000c\000e}{section.7}% 21
\BOOKMARK [3][-]{subsubsection.7.1.1}{\376\377\000D\000e\000t\000a\000i\000l\000e\000d\000\040\000D\000e\000s\000c\000r\000i\000p\000t\000i\000o\000n}{subsection.7.1}% 22
\BOOKMARK [3][-]{subsubsection.7.1.2}{\376\377\000M\000e\000m\000b\000e\000r\000\040\000D\000a\000t\000a\000\040\000D\000o\000c\000u\000m\000e\000n\000t\000a\000t\000i\000o\000n}{subsection.7.1}% 23
\BOOKMARK [2][-]{subsection.7.2}{\376\377\000c\000s\000\137\000n\000u\000m\000e\000r\000i\000c\000\040\000S\000t\000r\000u\000c\000t\000\040\000R\000e\000f\000e\000r\000e\000n\000c\000e}{section.7}% 24
\BOOKMARK [3][-]{subsubsection.7.2.1}{\376\377\000D\000e\000t\000a\000i\000l\000e\000d\000\040\000D\000e\000s\000c\000r\000i\000p\000t\000i\000o\000n}{subsection.7.2}% 25
\BOOKMARK [3][-]{subsubsection.7.2.2}{\376\377\000M\000e\000m\000b\000e\000r\000\040\000D\000a\000t\000a\000\040\000D\000o\000c\000u\000m\000e\000n\000t\000a\000t\000i\000o\000n}{subsection.7.2}% 26
\BOOKMARK [2][-]{subsection.7.3}{\376\377\000c\000s\000\137\000s\000p\000a\000r\000s\000e\000\040\000S\000t\000r\000u\000c\000t\000\040\000R\000e\000f\000e\000r\000e\000n\000c\000e}{section.7}% 27
\BOOKMARK [3][-]{subsubsection.7.3.1}{\376\377\000D\000e\000t\000a\000i\000l\000e\000d\000\040\000D\000e\000s\000c\000r\000i\000p\000t\000i\000o\000n}{subsection.7.3}% 28
\BOOKMARK [3][-]{subsubsection.7.3.2}{\376\377\000M\000e\000m\000b\000e\000r\000\040\000D\000a\000t\000a\000\040\000D\000o\000c\000u\000m\000e\000n\000t\000a\000t\000i\000o\000n}{subsection.7.3}% 29
\BOOKMARK [2][-]{subsection.7.4}{\376\377\000c\000s\000\137\000s\000y\000m\000b\000o\000l\000i\000c\000\040\000S\000t\000r\000u\000c\000t\000\040\000R\000e\000f\000e\000r\000e\000n\000c\000e}{section.7}% 30
\BOOKMARK [3][-]{subsubsection.7.4.1}{\376\377\000D\000e\000t\000a\000i\000l\000e\000d\000\040\000D\000e\000s\000c\000r\000i\000p\000t\000i\000o\000n}{subsection.7.4}% 31
\BOOKMARK [3][-]{subsubsection.7.4.2}{\376\377\000M\000e\000m\000b\000e\000r\000\040\000D\000a\000t\000a\000\040\000D\000o\000c\000u\000m\000e\000n\000t\000a\000t\000i\000o\000n}{subsection.7.4}% 32
\BOOKMARK [2][-]{subsection.7.5}{\376\377\000f\000c\000l\000i\000b\000\137\000g\000l\000o\000b\000a\000l\000\040\000S\000t\000r\000u\000c\000t\000\040\000R\000e\000f\000e\000r\000e\000n\000c\000e}{section.7}% 33
\BOOKMARK [3][-]{subsubsection.7.5.1}{\376\377\000D\000e\000t\000a\000i\000l\000e\000d\000\040\000D\000e\000s\000c\000r\000i\000p\000t\000i\000o\000n}{subsection.7.5}% 34
\BOOKMARK [3][-]{subsubsection.7.5.2}{\376\377\000M\000e\000m\000b\000e\000r\000\040\000D\000a\000t\000a\000\040\000D\000o\000c\000u\000m\000e\000n\000t\000a\000t\000i\000o\000n}{subsection.7.5}% 35
\BOOKMARK [2][-]{subsection.7.6}{\376\377\000f\000c\000l\000i\000b\000\137\000i\000n\000f\000o\000\040\000S\000t\000r\000u\000c\000t\000\040\000R\000e\000f\000e\000r\000e\000n\000c\000e}{section.7}% 36
\BOOKMARK [3][-]{subsubsection.7.6.1}{\376\377\000D\000e\000t\000a\000i\000l\000e\000d\000\040\000D\000e\000s\000c\000r\000i\000p\000t\000i\000o\000n}{subsection.7.6}% 37
\BOOKMARK [3][-]{subsubsection.7.6.2}{\376\377\000M\000e\000m\000b\000e\000r\000\040\000D\000a\000t\000a\000\040\000D\000o\000c\000u\000m\000e\000n\000t\000a\000t\000i\000o\000n}{subsection.7.6}% 38
\BOOKMARK [2][-]{subsection.7.7}{\376\377\000f\000c\000l\000i\000b\000\137\000l\000o\000c\000a\000l\000\040\000S\000t\000r\000u\000c\000t\000\040\000R\000e\000f\000e\000r\000e\000n\000c\000e}{section.7}% 39
\BOOKMARK [3][-]{subsubsection.7.7.1}{\376\377\000D\000e\000t\000a\000i\000l\000e\000d\000\040\000D\000e\000s\000c\000r\000i\000p\000t\000i\000o\000n}{subsection.7.7}% 40
\BOOKMARK [3][-]{subsubsection.7.7.2}{\376\377\000M\000e\000m\000b\000e\000r\000\040\000D\000a\000t\000a\000\040\000D\000o\000c\000u\000m\000e\000n\000t\000a\000t\000i\000o\000n}{subsection.7.7}% 41
\BOOKMARK [2][-]{subsection.7.8}{\376\377\000f\000c\000l\000i\000b\000\137\000m\000a\000t\000r\000i\000x\000\040\000S\000t\000r\000u\000c\000t\000\040\000R\000e\000f\000e\000r\000e\000n\000c\000e}{section.7}% 42
\BOOKMARK [3][-]{subsubsection.7.8.1}{\376\377\000D\000e\000t\000a\000i\000l\000e\000d\000\040\000D\000e\000s\000c\000r\000i\000p\000t\000i\000o\000n}{subsection.7.8}% 43
\BOOKMARK [3][-]{subsubsection.7.8.2}{\376\377\000M\000e\000m\000b\000e\000r\000\040\000D\000a\000t\000a\000\040\000D\000o\000c\000u\000m\000e\000n\000t\000a\000t\000i\000o\000n}{subsection.7.8}% 44
\BOOKMARK [2][-]{subsection.7.9}{\376\377\000f\000c\000l\000i\000b\000\137\000m\000a\000t\000r\000i\000x\000\137\000i\000n\000f\000o\000\040\000S\000t\000r\000u\000c\000t\000\040\000R\000e\000f\000e\000r\000e\000n\000c\000e}{section.7}% 45
\BOOKMARK [3][-]{subsubsection.7.9.1}{\376\377\000D\000e\000t\000a\000i\000l\000e\000d\000\040\000D\000e\000s\000c\000r\000i\000p\000t\000i\000o\000n}{subsection.7.9}% 46
\BOOKMARK [3][-]{subsubsection.7.9.2}{\376\377\000M\000e\000m\000b\000e\000r\000\040\000D\000a\000t\000a\000\040\000D\000o\000c\000u\000m\000e\000n\000t\000a\000t\000i\000o\000n}{subsection.7.9}% 47
\BOOKMARK [2][-]{subsection.7.10}{\376\377\000f\000c\000l\000i\000b\000\137\000s\000o\000l\000u\000t\000i\000o\000n\000\040\000S\000t\000r\000u\000c\000t\000\040\000R\000e\000f\000e\000r\000e\000n\000c\000e}{section.7}% 48
\BOOKMARK [3][-]{subsubsection.7.10.1}{\376\377\000D\000e\000t\000a\000i\000l\000e\000d\000\040\000D\000e\000s\000c\000r\000i\000p\000t\000i\000o\000n}{subsection.7.10}% 49
\BOOKMARK [3][-]{subsubsection.7.10.2}{\376\377\000M\000e\000m\000b\000e\000r\000\040\000D\000a\000t\000a\000\040\000D\000o\000c\000u\000m\000e\000n\000t\000a\000t\000i\000o\000n}{subsection.7.10}% 50
\BOOKMARK [1][-]{section.8}{\376\377\000F\000i\000l\000e\000\040\000D\000o\000c\000u\000m\000e\000n\000t\000a\000t\000i\000o\000n}{}% 51
\BOOKMARK [2][-]{subsection.8.1}{\376\377\000a\000d\000d\000i\000t\000i\000o\000n\000a\000l\000p\000a\000g\000e\000s\000.\000d\000o\000x\000y\000g\000e\000n\000\040\000F\000i\000l\000e\000\040\000R\000e\000f\000e\000r\000e\000n\000c\000e}{section.8}% 52
\BOOKMARK [2][-]{subsection.8.2}{\376\377\000c\000s\000p\000a\000r\000s\000e\000.\000c\000\040\000F\000i\000l\000e\000\040\000R\000e\000f\000e\000r\000e\000n\000c\000e}{section.8}% 53
\BOOKMARK [3][-]{subsubsection.8.2.1}{\376\377\000F\000u\000n\000c\000t\000i\000o\000n\000\040\000D\000o\000c\000u\000m\000e\000n\000t\000a\000t\000i\000o\000n}{subsection.8.2}% 54
\BOOKMARK [2][-]{subsection.8.3}{\376\377\000c\000s\000p\000a\000r\000s\000e\000.\000h\000\040\000F\000i\000l\000e\000\040\000R\000e\000f\000e\000r\000e\000n\000c\000e}{section.8}% 55
\BOOKMARK [3][-]{subsubsection.8.3.1}{\376\377\000M\000a\000c\000r\000o\000\040\000D\000e\000f\000i\000n\000i\000t\000i\000o\000n\000\040\000D\000o\000c\000u\000m\000e\000n\000t\000a\000t\000i\000o\000n}{subsection.8.3}% 56
\BOOKMARK [3][-]{subsubsection.8.3.2}{\376\377\000T\000y\000p\000e\000d\000e\000f\000\040\000D\000o\000c\000u\000m\000e\000n\000t\000a\000t\000i\000o\000n}{subsection.8.3}% 57
\BOOKMARK [3][-]{subsubsection.8.3.3}{\376\377\000F\000u\000n\000c\000t\000i\000o\000n\000\040\000D\000o\000c\000u\000m\000e\000n\000t\000a\000t\000i\000o\000n}{subsection.8.3}% 58
\BOOKMARK [2][-]{subsection.8.4}{\376\377\000f\000c\000i\000n\000t\000.\000h\000\040\000F\000i\000l\000e\000\040\000R\000e\000f\000e\000r\000e\000n\000c\000e}{section.8}% 59
\BOOKMARK [3][-]{subsubsection.8.4.1}{\376\377\000M\000a\000c\000r\000o\000\040\000D\000e\000f\000i\000n\000i\000t\000i\000o\000n\000\040\000D\000o\000c\000u\000m\000e\000n\000t\000a\000t\000i\000o\000n}{subsection.8.4}% 60
\BOOKMARK [2][-]{subsection.8.5}{\376\377\000f\000c\000l\000i\000b\000.\000c\000\040\000F\000i\000l\000e\000\040\000R\000e\000f\000e\000r\000e\000n\000c\000e}{section.8}% 61
\BOOKMARK [3][-]{subsubsection.8.5.1}{\376\377\000D\000e\000t\000a\000i\000l\000e\000d\000\040\000D\000e\000s\000c\000r\000i\000p\000t\000i\000o\000n}{subsection.8.5}% 62
\BOOKMARK [3][-]{subsubsection.8.5.2}{\376\377\000M\000a\000c\000r\000o\000\040\000D\000e\000f\000i\000n\000i\000t\000i\000o\000n\000\040\000D\000o\000c\000u\000m\000e\000n\000t\000a\000t\000i\000o\000n}{subsection.8.5}% 63
\BOOKMARK [3][-]{subsubsection.8.5.3}{\376\377\000F\000u\000n\000c\000t\000i\000o\000n\000\040\000D\000o\000c\000u\000m\000e\000n\000t\000a\000t\000i\000o\000n}{subsection.8.5}% 64
\BOOKMARK [2][-]{subsection.8.6}{\376\377\000f\000c\000l\000i\000b\000.\000h\000\040\000F\000i\000l\000e\000\040\000R\000e\000f\000e\000r\000e\000n\000c\000e}{section.8}% 65
\BOOKMARK [3][-]{subsubsection.8.6.1}{\376\377\000D\000e\000t\000a\000i\000l\000e\000d\000\040\000D\000e\000s\000c\000r\000i\000p\000t\000i\000o\000n}{subsection.8.6}% 66
\BOOKMARK [3][-]{subsubsection.8.6.2}{\376\377\000E\000n\000u\000m\000e\000r\000a\000t\000i\000o\000n\000\040\000T\000y\000p\000e\000\040\000D\000o\000c\000u\000m\000e\000n\000t\000a\000t\000i\000o\000n}{subsection.8.6}% 67
\BOOKMARK [3][-]{subsubsection.8.6.3}{\376\377\000F\000u\000n\000c\000t\000i\000o\000n\000\040\000D\000o\000c\000u\000m\000e\000n\000t\000a\000t\000i\000o\000n}{subsection.8.6}% 68
\BOOKMARK [2][-]{subsection.8.7}{\376\377\000f\000c\000m\000e\000r\000.\000c\000\040\000F\000i\000l\000e\000\040\000R\000e\000f\000e\000r\000e\000n\000c\000e}{section.8}% 69
\BOOKMARK [3][-]{subsubsection.8.7.1}{\376\377\000F\000u\000n\000c\000t\000i\000o\000n\000\040\000D\000o\000c\000u\000m\000e\000n\000t\000a\000t\000i\000o\000n}{subsection.8.7}% 70
\BOOKMARK [2][-]{subsection.8.8}{\376\377\000f\000c\000t\000s\000t\000.\000c\000\040\000F\000i\000l\000e\000\040\000R\000e\000f\000e\000r\000e\000n\000c\000e}{section.8}% 71
\BOOKMARK [3][-]{subsubsection.8.8.1}{\376\377\000F\000u\000n\000c\000t\000i\000o\000n\000\040\000D\000o\000c\000u\000m\000e\000n\000t\000a\000t\000i\000o\000n}{subsection.8.8}% 72
\BOOKMARK [2][-]{subsection.8.9}{\376\377\000f\000c\000t\000s\000t\000\137\000m\000e\000r\000i\000t\000.\000c\000\040\000F\000i\000l\000e\000\040\000R\000e\000f\000e\000r\000e\000n\000c\000e}{section.8}% 73
\BOOKMARK [3][-]{subsubsection.8.9.1}{\376\377\000F\000u\000n\000c\000t\000i\000o\000n\000\040\000D\000o\000c\000u\000m\000e\000n\000t\000a\000t\000i\000o\000n}{subsection.8.9}% 74
\BOOKMARK [2][-]{subsection.8.10}{\376\377\000m\000a\000i\000n\000p\000a\000g\000e\000.\000d\000o\000x\000y\000g\000e\000n\000\040\000F\000i\000l\000e\000\040\000R\000e\000f\000e\000r\000e\000n\000c\000e}{section.8}% 75
